<?xml version="1.0" encoding="UTF-8"?>
<testsuite xmlns:xsi="http://www.w3.org/2001/XMLSchema-instance" xsi:noNamespaceSchemaLocation="https://maven.apache.org/surefire/maven-surefire-plugin/xsd/surefire-test-report-3.0.xsd" version="3.0" name="com.example.testclasses.UserClass" time="55.246" tests="32" errors="0" skipped="0" failures="5">
  <properties>
[...]
</properties>
  <testcase name="testUserLogin" classname="com.example.testclasses.UserClass" time="1.305">
    <system-out><![CDATA[Test Excution started :- 
Test Excution started :- 
]]></system-out>
    <system-err><![CDATA[SLF4J: Failed to load class "org.slf4j.impl.StaticLoggerBinder".
SLF4J: Defaulting to no-operation (NOP) logger implementation
SLF4J: See http://www.slf4j.org/codes.html#StaticLoggerBinder for further details.
]]></system-err>
  </testcase>
  <testcase name="deleteUserByIdWithInvalidId" classname="com.example.testclasses.UserClass" time="0.852"/>
  <testcase name="deleteUserByIdWithInvalidIdAndToken" classname="com.example.testclasses.UserClass" time="0.847"/>
  <testcase name="deleteUserByIdWithInvalidToken" classname="com.example.testclasses.UserClass" time="3.095"/>
  <testcase name="deleteUserByIdWithValidDetails" classname="com.example.testclasses.UserClass" time="3.014">
    <failure message="Status code not 200&#10;Expected: &lt;200&gt;&#10;     but: was &lt;404&gt;" type="java.lang.AssertionError"><![CDATA[java.lang.AssertionError: 
Status code not 200
Expected: <200>
     but: was <404>
	at org.hamcrest.MatcherAssert.assertThat(MatcherAssert.java:20)
	at com.example.testclasses.UserClass.deleteUserByIdWithValidDetails(UserClass.java:546)
	at java.base/jdk.internal.reflect.NativeMethodAccessorImpl.invoke0(Native Method)
	at java.base/jdk.internal.reflect.NativeMethodAccessorImpl.invoke(NativeMethodAccessorImpl.java:77)
	at java.base/jdk.internal.reflect.DelegatingMethodAccessorImpl.invoke(DelegatingMethodAccessorImpl.java:43)
	at java.base/java.lang.reflect.Method.invoke(Method.java:568)
	at org.testng.internal.invokers.MethodInvocationHelper.invokeMethod(MethodInvocationHelper.java:139)
	at org.testng.internal.invokers.TestInvoker.invokeMethod(TestInvoker.java:664)
	at org.testng.internal.invokers.TestInvoker.invokeTestMethod(TestInvoker.java:228)
	at org.testng.internal.invokers.MethodRunner.runInSequence(MethodRunner.java:63)
	at org.testng.internal.invokers.TestInvoker$MethodInvocationAgent.invoke(TestInvoker.java:961)
	at org.testng.internal.invokers.TestInvoker.invokeTestMethods(TestInvoker.java:201)
	at org.testng.internal.invokers.TestMethodWorker.invokeTestMethods(TestMethodWorker.java:148)
	at org.testng.internal.invokers.TestMethodWorker.run(TestMethodWorker.java:128)
	at java.base/java.util.ArrayList.forEach(ArrayList.java:1511)
	at org.testng.TestRunner.privateRun(TestRunner.java:819)
	at org.testng.TestRunner.run(TestRunner.java:619)
	at org.testng.SuiteRunner.runTest(SuiteRunner.java:443)
	at org.testng.SuiteRunner.runSequentially(SuiteRunner.java:437)
	at org.testng.SuiteRunner.privateRun(SuiteRunner.java:397)
	at org.testng.SuiteRunner.run(SuiteRunner.java:336)
	at org.testng.SuiteRunnerWorker.runSuite(SuiteRunnerWorker.java:52)
	at org.testng.SuiteRunnerWorker.run(SuiteRunnerWorker.java:95)
	at org.testng.TestNG.runSuitesSequentially(TestNG.java:1301)
	at org.testng.TestNG.runSuitesLocally(TestNG.java:1228)
	at org.testng.TestNG.runSuites(TestNG.java:1134)
	at org.testng.TestNG.run(TestNG.java:1101)
	at org.apache.maven.surefire.testng.TestNGExecutor.run(TestNGExecutor.java:155)
	at org.apache.maven.surefire.testng.TestNGDirectoryTestSuite.executeSingleClass(TestNGDirectoryTestSuite.java:102)
	at org.apache.maven.surefire.testng.TestNGDirectoryTestSuite.execute(TestNGDirectoryTestSuite.java:91)
	at org.apache.maven.surefire.testng.TestNGProvider.invoke(TestNGProvider.java:137)
	at org.apache.maven.surefire.booter.ForkedBooter.runSuitesInProcess(ForkedBooter.java:385)
	at org.apache.maven.surefire.booter.ForkedBooter.execute(ForkedBooter.java:162)
	at org.apache.maven.surefire.booter.ForkedBooter.run(ForkedBooter.java:507)
	at org.apache.maven.surefire.booter.ForkedBooter.main(ForkedBooter.java:495)
]]></failure>
  </testcase>
  <testcase name="getAllUsers" classname="com.example.testclasses.UserClass" time="1.25">
    <system-out><![CDATA[{"status":true,"data":{"users":[{"profile_image":{"_id":"65c9da1703648774c81febd6","path":"https://bigfinfishing-staging.s3.amazonaws.com/profile-images/1707727383333-profile_image.jpg"},"cover_image":{"_id":"65e05f4c2e69e62e74c924c9","path":"https://bigfinfishing-staging.s3.amazonaws.com/cover-images/1709203275290-cover_image.jpg"},"reference_obj":"65d6f126886a14ef4bd37b5e","role":"user","is_email_verified":true,"status":"Active","first_name":"Sanyam","last_name":"Tanwar","email":"sanyamexactink@gmail.com","address":"Indore, Madhya Pradesh","name":"Sanyam Tanwar","updated_at":"2024-02-29T11:05:22.668Z","about_us":"BigFinTeam Member\nEI Tech 💯","id":"6571bdec3631737c7190b9fa","friends":[]},{"profile_image":{"_id":"65ccc9def0ebd50d55eb254c","path":"https://bigfinfishing-staging.s3.amazonaws.com/profile-images/1707919837763-profile_image.jpg"},"cover_image":null,"reference_obj":"65a90e3f8179b4b48a77b600","role":"user","is_email_verified":true,"status":"inactive","isEmailVerified":true,"first_name":"Harsh","last_name":"Varma","email":"harsh.exactink@gmail.com","name":"Harsh Varma","address":"Indore Madhya Pradesh","updated_at":"2024-02-29T10:49:15.570Z","about_us":"🤗 Hey! Everyone this is Harsh Verma. I am 33 👀 years old, I like the scary things like jumping🤸  from mountains I love #content writer📋, #dancer, #singer🎤, #influencer, #actor & #comedy.😜💯💫","id":"6571bf073631737c7190ba2e","friends":[]},{"profile_image":{"_id":"65d35e74a29f6991c29339d0","path":"https://bigfinfishing-staging.s3.amazonaws.com/profile-images/1708351092068-the-watermark-at-houston-heights-houston.jpg"},"cover_image":{"_id":"65d35e52a29f6991c29339b4","path":"https://bigfinfishing-staging.s3.amazonaws.com/cover-images/1708351058426-pexels-photo-2156311.webp"},"reference_obj":"65e058fc8b20e624f87f4492","role":"user","is_email_verified":true,"status":"inactive","isEmailVerified":true,"first_name":"Neeraj","last_name":"Verma","email":"neeraj.exactink@gmail.com","address":"Indore, Madhya Pradesh","name":"Neeraj Verma","updated_at":"2024-03-04T12:34:24.294Z","id":"6571bf463631737c7190ba50","friends":[]},{"profile_image":{"_id":"65af39a37bded31309438f19","path":"https://bigfinfishing-staging.s3.amazonaws.com/profile-images/1705982371003-profile_image.jpg"},"cover_image":{"_id":"65af39fb7bded31309438f31","path":"https://bigfinfishing-staging.s3.amazonaws.com/cover-images/1705982458969-cover_image.jpg"},"reference_obj":"65b0a19287fff34784f810b2","role":"user","is_email_verified":true,"status":"inactive","first_name":"Jake","last_name":"Richmann","email":"jrichmann@gmail.com","name":"Jake Richmann","updated_at":"2024-02-14T02:10:58.344Z","address":"Corcoran MN","id":"6577cece9d67f5bef5102984","friends":[]},{"profile_image":{"_id":"65b09adc87fff34784f80c05","path":"https://bigfinfishing-staging.s3.amazonaws.com/profile-images/1706072796327-profile_image.jpg"},"cover_image":null,"reference_obj":"65b09dac87fff34784f80cc4","role":"user","is_email_verified":true,"status":"inactive","first_name":"Jeff","last_name":"Shaw","email":"scishaw@gmail.com","created_at":"2024-01-23T03:44:05.007Z","updated_at":"2024-01-24T05:20:56.617Z","name":"Jeff Shaw","id":"65af36057bded31309438dcf","friends":[]},{"profile_image":null,"cover_image":null,"reference_obj":null,"role":"user","is_email_verified":true,"status":"inactive","first_name":"test","last_name":"user","email":"ajayv.exactink+3u@gmail.com","created_at":"2024-02-12T06:17:53.181Z","updated_at":"2024-02-12T06:19:37.657Z","id":"65c9b8115b73aae731b4e55a","friends":[]},{"profile_image":null,"cover_image":null,"reference_obj":null,"role":"user","is_email_verified":false,"status":"inactive","first_name":"harsh","last_name":"verma","email":"test111@gmail.com","created_at":"2024-02-12T07:15:06.282Z","updated_at":"2024-02-12T07:15:06.282Z","id":"65c9c57a5b73aae731b4eba4","friends":[]},{"profile_image":null,"cover_image":null,"reference_obj":null,"role":"user","is_email_verified":false,"status":"inactive","first_name":"harsh","last_name":"verma","email":"test113@gmail.com","created_at":"2024-02-12T07:15:25.424Z","updated_at":"2024-02-12T07:15:25.424Z","id":"65c9c58d5b73aae731b4ebac","friends":[]},{"profile_image":null,"cover_image":null,"reference_obj":null,"role":"user","is_email_verified":false,"status":"inactive","first_name":"xyz","last_name":"xyz","email":"fake+11q@example.com","created_at":"2024-02-13T10:43:05.333Z","updated_at":"2024-02-13T10:43:05.333Z","id":"65cb47b903648774c82053b8","friends":[]},{"profile_image":null,"cover_image":null,"reference_obj":null,"role":"user","is_email_verified":true,"status":"inactive","first_name":"xyz","last_name":"xyz","email":"ajayv.exactink+11q@gmail.com","created_at":"2024-02-13T10:44:50.410Z","updated_at":"2024-02-13T10:46:52.577Z","id":"65cb482203648774c82053fb","friends":[]}],"page":1,"limit":10,"total_pages":5},"message":"User list."}
200
]]></system-out>
  </testcase>
  <testcase name="getAllUsersWithInvalidToken" classname="com.example.testclasses.UserClass" time="0.813"/>
  <testcase name="getCatchesByInvalidId" classname="com.example.testclasses.UserClass" time="0.839"/>
  <testcase name="getCatchesByInvalidToken" classname="com.example.testclasses.UserClass" time="0.833"/>
  <testcase name="getCatchesByInvalidTokenAndInvalidId" classname="com.example.testclasses.UserClass" time="0.839"/>
  <testcase name="getCatchesByUserId" classname="com.example.testclasses.UserClass" time="0.905"/>
  <testcase name="getFriendsByInvalidId" classname="com.example.testclasses.UserClass" time="0.85"/>
  <testcase name="getFriendsByInvalidToken" classname="com.example.testclasses.UserClass" time="0.822"/>
  <testcase name="getFriendsByInvalidTokenAndInvalidId" classname="com.example.testclasses.UserClass" time="0.801"/>
  <testcase name="getFriendsByUserId" classname="com.example.testclasses.UserClass" time="0.868"/>
  <testcase name="getReferenceObjById" classname="com.example.testclasses.UserClass" time="4.933">
    <failure message="JSONObject[&quot;data&quot;] not found." type="org.json.JSONException"><![CDATA[org.json.JSONException: JSONObject["data"] not found.
	at org.json.JSONObject.get(JSONObject.java:595)
	at org.json.JSONObject.getJSONObject(JSONObject.java:805)
	at com.example.testclasses.UserClass.getReferenceObjById(UserClass.java:622)
	at java.base/jdk.internal.reflect.NativeMethodAccessorImpl.invoke0(Native Method)
	at java.base/jdk.internal.reflect.NativeMethodAccessorImpl.invoke(NativeMethodAccessorImpl.java:77)
	at java.base/jdk.internal.reflect.DelegatingMethodAccessorImpl.invoke(DelegatingMethodAccessorImpl.java:43)
	at java.base/java.lang.reflect.Method.invoke(Method.java:568)
	at org.testng.internal.invokers.MethodInvocationHelper.invokeMethod(MethodInvocationHelper.java:139)
	at org.testng.internal.invokers.TestInvoker.invokeMethod(TestInvoker.java:664)
	at org.testng.internal.invokers.TestInvoker.invokeTestMethod(TestInvoker.java:228)
	at org.testng.internal.invokers.MethodRunner.runInSequence(MethodRunner.java:63)
	at org.testng.internal.invokers.TestInvoker$MethodInvocationAgent.invoke(TestInvoker.java:961)
	at org.testng.internal.invokers.TestInvoker.invokeTestMethods(TestInvoker.java:201)
	at org.testng.internal.invokers.TestMethodWorker.invokeTestMethods(TestMethodWorker.java:148)
	at org.testng.internal.invokers.TestMethodWorker.run(TestMethodWorker.java:128)
	at java.base/java.util.ArrayList.forEach(ArrayList.java:1511)
	at org.testng.TestRunner.privateRun(TestRunner.java:819)
	at org.testng.TestRunner.run(TestRunner.java:619)
	at org.testng.SuiteRunner.runTest(SuiteRunner.java:443)
	at org.testng.SuiteRunner.runSequentially(SuiteRunner.java:437)
	at org.testng.SuiteRunner.privateRun(SuiteRunner.java:397)
	at org.testng.SuiteRunner.run(SuiteRunner.java:336)
	at org.testng.SuiteRunnerWorker.runSuite(SuiteRunnerWorker.java:52)
	at org.testng.SuiteRunnerWorker.run(SuiteRunnerWorker.java:95)
	at org.testng.TestNG.runSuitesSequentially(TestNG.java:1301)
	at org.testng.TestNG.runSuitesLocally(TestNG.java:1228)
	at org.testng.TestNG.runSuites(TestNG.java:1134)
	at org.testng.TestNG.run(TestNG.java:1101)
	at org.apache.maven.surefire.testng.TestNGExecutor.run(TestNGExecutor.java:155)
	at org.apache.maven.surefire.testng.TestNGDirectoryTestSuite.executeSingleClass(TestNGDirectoryTestSuite.java:102)
	at org.apache.maven.surefire.testng.TestNGDirectoryTestSuite.execute(TestNGDirectoryTestSuite.java:91)
	at org.apache.maven.surefire.testng.TestNGProvider.invoke(TestNGProvider.java:137)
	at org.apache.maven.surefire.booter.ForkedBooter.runSuitesInProcess(ForkedBooter.java:385)
	at org.apache.maven.surefire.booter.ForkedBooter.execute(ForkedBooter.java:162)
	at org.apache.maven.surefire.booter.ForkedBooter.run(ForkedBooter.java:507)
	at org.apache.maven.surefire.booter.ForkedBooter.main(ForkedBooter.java:495)
]]></failure>
    <system-err><![CDATA[org.json.JSONException: JSONObject["data"] not found.
	at org.json.JSONObject.get(JSONObject.java:595)
	at org.json.JSONObject.getJSONObject(JSONObject.java:805)
	at com.example.testclasses.UserClass.getReferenceObjById(UserClass.java:613)
	at java.base/jdk.internal.reflect.NativeMethodAccessorImpl.invoke0(Native Method)
	at java.base/jdk.internal.reflect.NativeMethodAccessorImpl.invoke(NativeMethodAccessorImpl.java:77)
	at java.base/jdk.internal.reflect.DelegatingMethodAccessorImpl.invoke(DelegatingMethodAccessorImpl.java:43)
	at java.base/java.lang.reflect.Method.invoke(Method.java:568)
	at org.testng.internal.invokers.MethodInvocationHelper.invokeMethod(MethodInvocationHelper.java:139)
	at org.testng.internal.invokers.TestInvoker.invokeMethod(TestInvoker.java:664)
	at org.testng.internal.invokers.TestInvoker.invokeTestMethod(TestInvoker.java:228)
	at org.testng.internal.invokers.MethodRunner.runInSequence(MethodRunner.java:63)
	at org.testng.internal.invokers.TestInvoker$MethodInvocationAgent.invoke(TestInvoker.java:961)
	at org.testng.internal.invokers.TestInvoker.invokeTestMethods(TestInvoker.java:201)
	at org.testng.internal.invokers.TestMethodWorker.invokeTestMethods(TestMethodWorker.java:148)
	at org.testng.internal.invokers.TestMethodWorker.run(TestMethodWorker.java:128)
	at java.base/java.util.ArrayList.forEach(ArrayList.java:1511)
	at org.testng.TestRunner.privateRun(TestRunner.java:819)
	at org.testng.TestRunner.run(TestRunner.java:619)
	at org.testng.SuiteRunner.runTest(SuiteRunner.java:443)
	at org.testng.SuiteRunner.runSequentially(SuiteRunner.java:437)
	at org.testng.SuiteRunner.privateRun(SuiteRunner.java:397)
	at org.testng.SuiteRunner.run(SuiteRunner.java:336)
	at org.testng.SuiteRunnerWorker.runSuite(SuiteRunnerWorker.java:52)
	at org.testng.SuiteRunnerWorker.run(SuiteRunnerWorker.java:95)
	at org.testng.TestNG.runSuitesSequentially(TestNG.java:1301)
	at org.testng.TestNG.runSuitesLocally(TestNG.java:1228)
	at org.testng.TestNG.runSuites(TestNG.java:1134)
	at org.testng.TestNG.run(TestNG.java:1101)
	at org.apache.maven.surefire.testng.TestNGExecutor.run(TestNGExecutor.java:155)
	at org.apache.maven.surefire.testng.TestNGDirectoryTestSuite.executeSingleClass(TestNGDirectoryTestSuite.java:102)
	at org.apache.maven.surefire.testng.TestNGDirectoryTestSuite.execute(TestNGDirectoryTestSuite.java:91)
	at org.apache.maven.surefire.testng.TestNGProvider.invoke(TestNGProvider.java:137)
	at org.apache.maven.surefire.booter.ForkedBooter.runSuitesInProcess(ForkedBooter.java:385)
	at org.apache.maven.surefire.booter.ForkedBooter.execute(ForkedBooter.java:162)
	at org.apache.maven.surefire.booter.ForkedBooter.run(ForkedBooter.java:507)
	at org.apache.maven.surefire.booter.ForkedBooter.main(ForkedBooter.java:495)
]]></system-err>
  </testcase>
  <testcase name="getReferenceObjByInvalidId" classname="com.example.testclasses.UserClass" time="0.858"/>
  <testcase name="getReferenceObjByInvalidToken" classname="com.example.testclasses.UserClass" time="4.669">
    <system-err><![CDATA[org.json.JSONException: JSONObject["data"] not found.
	at org.json.JSONObject.get(JSONObject.java:595)
	at org.json.JSONObject.getJSONObject(JSONObject.java:805)
	at com.example.testclasses.UserClass.getReferenceObjByInvalidToken(UserClass.java:647)
	at java.base/jdk.internal.reflect.NativeMethodAccessorImpl.invoke0(Native Method)
	at java.base/jdk.internal.reflect.NativeMethodAccessorImpl.invoke(NativeMethodAccessorImpl.java:77)
	at java.base/jdk.internal.reflect.DelegatingMethodAccessorImpl.invoke(DelegatingMethodAccessorImpl.java:43)
	at java.base/java.lang.reflect.Method.invoke(Method.java:568)
	at org.testng.internal.invokers.MethodInvocationHelper.invokeMethod(MethodInvocationHelper.java:139)
	at org.testng.internal.invokers.TestInvoker.invokeMethod(TestInvoker.java:664)
	at org.testng.internal.invokers.TestInvoker.invokeTestMethod(TestInvoker.java:228)
	at org.testng.internal.invokers.MethodRunner.runInSequence(MethodRunner.java:63)
	at org.testng.internal.invokers.TestInvoker$MethodInvocationAgent.invoke(TestInvoker.java:961)
	at org.testng.internal.invokers.TestInvoker.invokeTestMethods(TestInvoker.java:201)
	at org.testng.internal.invokers.TestMethodWorker.invokeTestMethods(TestMethodWorker.java:148)
	at org.testng.internal.invokers.TestMethodWorker.run(TestMethodWorker.java:128)
	at java.base/java.util.ArrayList.forEach(ArrayList.java:1511)
	at org.testng.TestRunner.privateRun(TestRunner.java:819)
	at org.testng.TestRunner.run(TestRunner.java:619)
	at org.testng.SuiteRunner.runTest(SuiteRunner.java:443)
	at org.testng.SuiteRunner.runSequentially(SuiteRunner.java:437)
	at org.testng.SuiteRunner.privateRun(SuiteRunner.java:397)
	at org.testng.SuiteRunner.run(SuiteRunner.java:336)
	at org.testng.SuiteRunnerWorker.runSuite(SuiteRunnerWorker.java:52)
	at org.testng.SuiteRunnerWorker.run(SuiteRunnerWorker.java:95)
	at org.testng.TestNG.runSuitesSequentially(TestNG.java:1301)
	at org.testng.TestNG.runSuitesLocally(TestNG.java:1228)
	at org.testng.TestNG.runSuites(TestNG.java:1134)
	at org.testng.TestNG.run(TestNG.java:1101)
	at org.apache.maven.surefire.testng.TestNGExecutor.run(TestNGExecutor.java:155)
	at org.apache.maven.surefire.testng.TestNGDirectoryTestSuite.executeSingleClass(TestNGDirectoryTestSuite.java:102)
	at org.apache.maven.surefire.testng.TestNGDirectoryTestSuite.execute(TestNGDirectoryTestSuite.java:91)
	at org.apache.maven.surefire.testng.TestNGProvider.invoke(TestNGProvider.java:137)
	at org.apache.maven.surefire.booter.ForkedBooter.runSuitesInProcess(ForkedBooter.java:385)
	at org.apache.maven.surefire.booter.ForkedBooter.execute(ForkedBooter.java:162)
	at org.apache.maven.surefire.booter.ForkedBooter.run(ForkedBooter.java:507)
	at org.apache.maven.surefire.booter.ForkedBooter.main(ForkedBooter.java:495)
]]></system-err>
  </testcase>
  <testcase name="getReferenceObjByInvalidTokenAndId" classname="com.example.testclasses.UserClass" time="0.79"/>
  <testcase name="getUserById" classname="com.example.testclasses.UserClass" time="1.003"/>
  <testcase name="getUserByInvalidId" classname="com.example.testclasses.UserClass" time="0.813"/>
  <testcase name="getUserByInvalidToken" classname="com.example.testclasses.UserClass" time="0.833"/>
  <testcase name="getUserByInvalidTokenAndInvalidId" classname="com.example.testclasses.UserClass" time="0.787"/>
  <testcase name="updateUserByUserId" classname="com.example.testclasses.UserClass" time="1.841">
    <failure message="&#10;Expected: &quot;TestUser.exactink@gmail.com&quot;&#10;     but: was &quot;testuser.exactink@gmail.com&quot;" type="java.lang.AssertionError"><![CDATA[java.lang.AssertionError: 

Expected: "TestUser.exactink@gmail.com"
     but: was "testuser.exactink@gmail.com"
	at org.hamcrest.MatcherAssert.assertThat(MatcherAssert.java:20)
	at org.hamcrest.MatcherAssert.assertThat(MatcherAssert.java:6)
	at com.example.testclasses.UserClass.updateUserByUserId(UserClass.java:275)
	at java.base/jdk.internal.reflect.NativeMethodAccessorImpl.invoke0(Native Method)
	at java.base/jdk.internal.reflect.NativeMethodAccessorImpl.invoke(NativeMethodAccessorImpl.java:77)
	at java.base/jdk.internal.reflect.DelegatingMethodAccessorImpl.invoke(DelegatingMethodAccessorImpl.java:43)
	at java.base/java.lang.reflect.Method.invoke(Method.java:568)
	at org.testng.internal.invokers.MethodInvocationHelper.invokeMethod(MethodInvocationHelper.java:139)
	at org.testng.internal.invokers.TestInvoker.invokeMethod(TestInvoker.java:664)
	at org.testng.internal.invokers.TestInvoker.invokeTestMethod(TestInvoker.java:228)
	at org.testng.internal.invokers.MethodRunner.runInSequence(MethodRunner.java:63)
	at org.testng.internal.invokers.TestInvoker$MethodInvocationAgent.invoke(TestInvoker.java:961)
	at org.testng.internal.invokers.TestInvoker.invokeTestMethods(TestInvoker.java:201)
	at org.testng.internal.invokers.TestMethodWorker.invokeTestMethods(TestMethodWorker.java:148)
	at org.testng.internal.invokers.TestMethodWorker.run(TestMethodWorker.java:128)
	at java.base/java.util.ArrayList.forEach(ArrayList.java:1511)
	at org.testng.TestRunner.privateRun(TestRunner.java:819)
	at org.testng.TestRunner.run(TestRunner.java:619)
	at org.testng.SuiteRunner.runTest(SuiteRunner.java:443)
	at org.testng.SuiteRunner.runSequentially(SuiteRunner.java:437)
	at org.testng.SuiteRunner.privateRun(SuiteRunner.java:397)
	at org.testng.SuiteRunner.run(SuiteRunner.java:336)
	at org.testng.SuiteRunnerWorker.runSuite(SuiteRunnerWorker.java:52)
	at org.testng.SuiteRunnerWorker.run(SuiteRunnerWorker.java:95)
	at org.testng.TestNG.runSuitesSequentially(TestNG.java:1301)
	at org.testng.TestNG.runSuitesLocally(TestNG.java:1228)
	at org.testng.TestNG.runSuites(TestNG.java:1134)
	at org.testng.TestNG.run(TestNG.java:1101)
	at org.apache.maven.surefire.testng.TestNGExecutor.run(TestNGExecutor.java:155)
	at org.apache.maven.surefire.testng.TestNGDirectoryTestSuite.executeSingleClass(TestNGDirectoryTestSuite.java:102)
	at org.apache.maven.surefire.testng.TestNGDirectoryTestSuite.execute(TestNGDirectoryTestSuite.java:91)
	at org.apache.maven.surefire.testng.TestNGProvider.invoke(TestNGProvider.java:137)
	at org.apache.maven.surefire.booter.ForkedBooter.runSuitesInProcess(ForkedBooter.java:385)
	at org.apache.maven.surefire.booter.ForkedBooter.execute(ForkedBooter.java:162)
	at org.apache.maven.surefire.booter.ForkedBooter.run(ForkedBooter.java:507)
	at org.apache.maven.surefire.booter.ForkedBooter.main(ForkedBooter.java:495)
]]></failure>
  </testcase>
  <testcase name="updateUserByUserIdWithInvalidEmail" classname="com.example.testclasses.UserClass" time="1.94">
    <failure message="&#10;Expected: &quot;TestUser.exactink@Example.com&quot;&#10;     but: was &quot;testuser.exactink@example.com&quot;" type="java.lang.AssertionError"><![CDATA[java.lang.AssertionError: 

Expected: "TestUser.exactink@Example.com"
     but: was "testuser.exactink@example.com"
	at org.hamcrest.MatcherAssert.assertThat(MatcherAssert.java:20)
	at org.hamcrest.MatcherAssert.assertThat(MatcherAssert.java:6)
	at com.example.testclasses.UserClass.updateUserByUserIdWithInvalidEmail(UserClass.java:339)
	at java.base/jdk.internal.reflect.NativeMethodAccessorImpl.invoke0(Native Method)
	at java.base/jdk.internal.reflect.NativeMethodAccessorImpl.invoke(NativeMethodAccessorImpl.java:77)
	at java.base/jdk.internal.reflect.DelegatingMethodAccessorImpl.invoke(DelegatingMethodAccessorImpl.java:43)
	at java.base/java.lang.reflect.Method.invoke(Method.java:568)
	at org.testng.internal.invokers.MethodInvocationHelper.invokeMethod(MethodInvocationHelper.java:139)
	at org.testng.internal.invokers.TestInvoker.invokeMethod(TestInvoker.java:664)
	at org.testng.internal.invokers.TestInvoker.invokeTestMethod(TestInvoker.java:228)
	at org.testng.internal.invokers.MethodRunner.runInSequence(MethodRunner.java:63)
	at org.testng.internal.invokers.TestInvoker$MethodInvocationAgent.invoke(TestInvoker.java:961)
	at org.testng.internal.invokers.TestInvoker.invokeTestMethods(TestInvoker.java:201)
	at org.testng.internal.invokers.TestMethodWorker.invokeTestMethods(TestMethodWorker.java:148)
	at org.testng.internal.invokers.TestMethodWorker.run(TestMethodWorker.java:128)
	at java.base/java.util.ArrayList.forEach(ArrayList.java:1511)
	at org.testng.TestRunner.privateRun(TestRunner.java:819)
	at org.testng.TestRunner.run(TestRunner.java:619)
	at org.testng.SuiteRunner.runTest(SuiteRunner.java:443)
	at org.testng.SuiteRunner.runSequentially(SuiteRunner.java:437)
	at org.testng.SuiteRunner.privateRun(SuiteRunner.java:397)
	at org.testng.SuiteRunner.run(SuiteRunner.java:336)
	at org.testng.SuiteRunnerWorker.runSuite(SuiteRunnerWorker.java:52)
	at org.testng.SuiteRunnerWorker.run(SuiteRunnerWorker.java:95)
	at org.testng.TestNG.runSuitesSequentially(TestNG.java:1301)
	at org.testng.TestNG.runSuitesLocally(TestNG.java:1228)
	at org.testng.TestNG.runSuites(TestNG.java:1134)
	at org.testng.TestNG.run(TestNG.java:1101)
	at org.apache.maven.surefire.testng.TestNGExecutor.run(TestNGExecutor.java:155)
	at org.apache.maven.surefire.testng.TestNGDirectoryTestSuite.executeSingleClass(TestNGDirectoryTestSuite.java:102)
	at org.apache.maven.surefire.testng.TestNGDirectoryTestSuite.execute(TestNGDirectoryTestSuite.java:91)
	at org.apache.maven.surefire.testng.TestNGProvider.invoke(TestNGProvider.java:137)
	at org.apache.maven.surefire.booter.ForkedBooter.runSuitesInProcess(ForkedBooter.java:385)
	at org.apache.maven.surefire.booter.ForkedBooter.execute(ForkedBooter.java:162)
	at org.apache.maven.surefire.booter.ForkedBooter.run(ForkedBooter.java:507)
	at org.apache.maven.surefire.booter.ForkedBooter.main(ForkedBooter.java:495)
]]></failure>
  </testcase>
  <testcase name="updateUserByUserIdWithInvalidToken" classname="com.example.testclasses.UserClass" time="0.775"/>
  <testcase name="updateUserByUserIdWithInvalidTokenAndInvalidId" classname="com.example.testclasses.UserClass" time="0.801"/>
  <testcase name="updateUserByUserIdWithInvalidUserId" classname="com.example.testclasses.UserClass" time="0.814"/>
  <testcase name="updateUserWithEmojiInFirstAndLastName" classname="com.example.testclasses.UserClass" time="1.866"/>
  <testcase name="updateUserWithOnlyRequiredField" classname="com.example.testclasses.UserClass" time="2.087"/>
  <testcase name="uploadReference_Obj" classname="com.example.testclasses.UserClass" time="3.795">
    <failure message="JSONObject[&quot;data&quot;] not found." type="org.json.JSONException"><![CDATA[org.json.JSONException: JSONObject["data"] not found.
	at org.json.JSONObject.get(JSONObject.java:595)
	at org.json.JSONObject.getJSONObject(JSONObject.java:805)
	at com.example.testclasses.UserClass.uploadReference_Obj(UserClass.java:583)
	at java.base/jdk.internal.reflect.NativeMethodAccessorImpl.invoke0(Native Method)
	at java.base/jdk.internal.reflect.NativeMethodAccessorImpl.invoke(NativeMethodAccessorImpl.java:77)
	at java.base/jdk.internal.reflect.DelegatingMethodAccessorImpl.invoke(DelegatingMethodAccessorImpl.java:43)
	at java.base/java.lang.reflect.Method.invoke(Method.java:568)
	at org.testng.internal.invokers.MethodInvocationHelper.invokeMethod(MethodInvocationHelper.java:139)
	at org.testng.internal.invokers.TestInvoker.invokeMethod(TestInvoker.java:664)
	at org.testng.internal.invokers.TestInvoker.invokeTestMethod(TestInvoker.java:228)
	at org.testng.internal.invokers.MethodRunner.runInSequence(MethodRunner.java:63)
	at org.testng.internal.invokers.TestInvoker$MethodInvocationAgent.invoke(TestInvoker.java:961)
	at org.testng.internal.invokers.TestInvoker.invokeTestMethods(TestInvoker.java:201)
	at org.testng.internal.invokers.TestMethodWorker.invokeTestMethods(TestMethodWorker.java:148)
	at org.testng.internal.invokers.TestMethodWorker.run(TestMethodWorker.java:128)
	at java.base/java.util.ArrayList.forEach(ArrayList.java:1511)
	at org.testng.TestRunner.privateRun(TestRunner.java:819)
	at org.testng.TestRunner.run(TestRunner.java:619)
	at org.testng.SuiteRunner.runTest(SuiteRunner.java:443)
	at org.testng.SuiteRunner.runSequentially(SuiteRunner.java:437)
	at org.testng.SuiteRunner.privateRun(SuiteRunner.java:397)
	at org.testng.SuiteRunner.run(SuiteRunner.java:336)
	at org.testng.SuiteRunnerWorker.runSuite(SuiteRunnerWorker.java:52)
	at org.testng.SuiteRunnerWorker.run(SuiteRunnerWorker.java:95)
	at org.testng.TestNG.runSuitesSequentially(TestNG.java:1301)
	at org.testng.TestNG.runSuitesLocally(TestNG.java:1228)
	at org.testng.TestNG.runSuites(TestNG.java:1134)
	at org.testng.TestNG.run(TestNG.java:1101)
	at org.apache.maven.surefire.testng.TestNGExecutor.run(TestNGExecutor.java:155)
	at org.apache.maven.surefire.testng.TestNGDirectoryTestSuite.executeSingleClass(TestNGDirectoryTestSuite.java:102)
	at org.apache.maven.surefire.testng.TestNGDirectoryTestSuite.execute(TestNGDirectoryTestSuite.java:91)
	at org.apache.maven.surefire.testng.TestNGProvider.invoke(TestNGProvider.java:137)
	at org.apache.maven.surefire.booter.ForkedBooter.runSuitesInProcess(ForkedBooter.java:385)
	at org.apache.maven.surefire.booter.ForkedBooter.execute(ForkedBooter.java:162)
	at org.apache.maven.surefire.booter.ForkedBooter.run(ForkedBooter.java:507)
	at org.apache.maven.surefire.booter.ForkedBooter.main(ForkedBooter.java:495)
]]></failure>
  </testcase>
  <testcase name="uploadReference_ObjWithInvalidToken" classname="com.example.testclasses.UserClass" time="3.219"/>
</testsuite>